<?xml version="1.0"?>
<testsuite name="Chrome 80.0.3987 (Windows 10.0.0)" package="" timestamp="2020-02-13T14:09:57" id="0" hostname="NL03079-2" tests="10" errors="0" failures="0" time="1.369">
  <properties>
    <property name="browser.fullName" value="Mozilla/5.0 (Windows NT 10.0; Win64; x64) AppleWebKit/537.36 (KHTML, like Gecko) Chrome/80.0.3987.87 Safari/537.36"/>
  </properties>
  <testcase name="Service: QuoteService * Functions * getRandomQuote() Should return {&quot;content&quot;:&quot;Use the mock, Luke&quot;,&quot;author&quot;:&quot;Obi Mockanobi&quot;}" time="0.325" classname="Service: QuoteService * Functions * getRandomQuote()"/>
  <testcase name="Component: ShareComponent * Functions * getLink(share: Share) Should return &quot;www.yodatalk.com?c=%E2%80%9CUse%20the%20mock%2C%20Luke%E2%80%9D%0A%E2%80%94Obi%20Mockanobi&quot;" time="0.298" classname="Component: ShareComponent * Functions * getLink(share: Share)"/>
  <testcase name="Component: ShareComponent * Functions * className(share: Share) Should return &quot;media-facebook&quot;" time="0.13" classname="Component: ShareComponent * Functions * className(share: Share)"/>
  <testcase name="Component: ShareComponent * Template * Social button text Should contain &quot;Share on &quot;" time="0.055" classname="Component: ShareComponent * Template * Social button text"/>
  <testcase name="Component: ShareComponent * Template * Social button link Should be &quot;https://www.facebook.com/sharer/sharer.php?u=github.com%2Fjnieberg&amp;quote=%E2%80%9CUse%20the%20mock%2C%20Luke%E2%80%9D%0A%E2%80%94Obi%20Mockanobi&quot;" time="0.079" classname="Component: ShareComponent * Template * Social button link"/>
  <testcase name="Component: QuoteComponent * Functions * refresh() &quot;showQuote&quot; should be &quot;false&quot;" time="0.112" classname="Component: QuoteComponent * Functions * refresh()"/>
  <testcase name="Component: QuoteComponent * Functions * get author() Should return &quot;Obi Mockanobi&quot;" time="0.102" classname="Component: QuoteComponent * Functions * get author()"/>
  <testcase name="Component: QuoteComponent * Functions * get content() Should return &quot;Use the mock, Luke&quot;" time="0.103" classname="Component: QuoteComponent * Functions * get content()"/>
  <testcase name="Component: QuoteComponent * Template * Quote panel content Should contain &quot;Use the mock, Luke&quot;" time="0.068" classname="Component: QuoteComponent * Template * Quote panel content"/>
  <testcase name="Component: QuoteComponent * Template * Quote panel class Should be &quot;hide&quot; and then &quot;show&quot;" time="0.097" classname="Component: QuoteComponent * Template * Quote panel class"/>
  <system-out>
    <![CDATA[
]]>
  </system-out>
  <system-err/>
</testsuite>